# JRE version: Java(TM) SE Runtime Environment (8.0_112-b15) (build 1.8.0_112-b15)
# Java VM: Java HotSpot(TM) 64-Bit Server VM (25.112-b15 mixed mode linux-amd64 compressed oops)
Heap:
 PSYoungGen      total 221184K, used 182651K [0x000000076c980000, 0x000000077d800000, 0x00000007c0000000)
  eden space 212992K, 82% used [0x000000076c980000,0x0000000777452ba0,0x0000000779980000)
  from space 8192K, 94% used [0x000000077d000000,0x000000077d78c290,0x000000077d800000)
  to   space 10752K, 0% used [0x000000077c300000,0x000000077c300000,0x000000077cd80000)
 ParOldGen       total 96768K, used 9884K [0x00000006c5c00000, 0x00000006cba80000, 0x000000076c980000)
  object space 96768K, 10% used [0x00000006c5c00000,0x00000006c65a71b0,0x00000006cba80000)
 Metaspace       used 30554K, capacity 30928K, committed 31360K, reserved 1077248K
  class space    used 3750K, capacity 3845K, committed 3968K, reserved 1048576K
GC Heap History (10 events):
Event: 0.563 GC heap before
{Heap before GC invocations=1 (full 0):
 PSYoungGen      total 75264K, used 64512K [0x000000076c980000, 0x0000000771d80000, 0x00000007c0000000)
  eden space 64512K, 100% used [0x000000076c980000,0x0000000770880000,0x0000000770880000)
  from space 10752K, 0% used [0x0000000771300000,0x0000000771300000,0x0000000771d80000)
  to   space 10752K, 0% used [0x0000000770880000,0x0000000770880000,0x0000000771300000)
 ParOldGen       total 172032K, used 0K [0x00000006c5c00000, 0x00000006d0400000, 0x000000076c980000)
  object space 172032K, 0% used [0x00000006c5c00000,0x00000006c5c00000,0x00000006d0400000)
 Metaspace       used 11970K, capacity 12156K, committed 12288K, reserved 1060864K
  class space    used 1491K, capacity 1536K, committed 1536K, reserved 1048576K
Event: 0.570 GC heap after
Heap after GC invocations=1 (full 0):
 PSYoungGen      total 75264K, used 6320K [0x000000076c980000, 0x0000000775c80000, 0x00000007c0000000)
  eden space 64512K, 0% used [0x000000076c980000,0x000000076c980000,0x0000000770880000)
  from space 10752K, 58% used [0x0000000770880000,0x0000000770eac2b8,0x0000000771300000)
  to   space 10752K, 0% used [0x0000000775200000,0x0000000775200000,0x0000000775c80000)
 ParOldGen       total 172032K, used 16K [0x00000006c5c00000, 0x00000006d0400000, 0x000000076c980000)
  object space 172032K, 0% used [0x00000006c5c00000,0x00000006c5c04000,0x00000006d0400000)
 Metaspace       used 11970K, capacity 12156K, committed 12288K, reserved 1060864K
  class space    used 1491K, capacity 1536K, committed 1536K, reserved 1048576K
}
Event: 0.808 GC heap before
{Heap before GC invocations=2 (full 0):
 PSYoungGen      total 75264K, used 70832K [0x000000076c980000, 0x0000000775c80000, 0x00000007c0000000)
  eden space 64512K, 100% used [0x000000076c980000,0x0000000770880000,0x0000000770880000)
  from space 10752K, 58% used [0x0000000770880000,0x0000000770eac2b8,0x0000000771300000)
  to   space 10752K, 0% used [0x0000000775200000,0x0000000775200000,0x0000000775c80000)
 ParOldGen       total 172032K, used 16K [0x00000006c5c00000, 0x00000006d0400000, 0x000000076c980000)
  object space 172032K, 0% used [0x00000006c5c00000,0x00000006c5c04000,0x00000006d0400000)
 Metaspace       used 18801K, capacity 18988K, committed 19328K, reserved 1067008K
  class space    used 2335K, capacity 2376K, committed 2432K, reserved 1048576K
Event: 0.824 GC heap after
Heap after GC invocations=2 (full 0):
 PSYoungGen      total 139776K, used 10733K [0x000000076c980000, 0x0000000775c80000, 0x00000007c0000000)
  eden space 129024K, 0% used [0x000000076c980000,0x000000076c980000,0x0000000774780000)
  from space 10752K, 99% used [0x0000000775200000,0x0000000775c7b770,0x0000000775c80000)
  to   space 10752K, 0% used [0x0000000774780000,0x0000000774780000,0x0000000775200000)
 ParOldGen       total 172032K, used 1770K [0x00000006c5c00000, 0x00000006d0400000, 0x000000076c980000)
  object space 172032K, 1% used [0x00000006c5c00000,0x00000006c5dbab48,0x00000006d0400000)
 Metaspace       used 18801K, capacity 18988K, committed 19328K, reserved 1067008K
  class space    used 2335K, capacity 2376K, committed 2432K, reserved 1048576K
}
Event: 1.013 GC heap before
{Heap before GC invocations=3 (full 0):
 PSYoungGen      total 139776K, used 50320K [0x000000076c980000, 0x0000000775c80000, 0x00000007c0000000)
  eden space 129024K, 30% used [0x000000076c980000,0x000000076f0289d8,0x0000000774780000)
  from space 10752K, 99% used [0x0000000775200000,0x0000000775c7b770,0x0000000775c80000)
  to   space 10752K, 0% used [0x0000000774780000,0x0000000774780000,0x0000000775200000)
 ParOldGen       total 172032K, used 1770K [0x00000006c5c00000, 0x00000006d0400000, 0x000000076c980000)
  object space 172032K, 1% used [0x00000006c5c00000,0x00000006c5dbab48,0x00000006d0400000)
 Metaspace       used 20992K, capacity 21160K, committed 21296K, reserved 1069056K
  class space    used 2575K, capacity 2617K, committed 2688K, reserved 1048576K
Event: 1.032 GC heap after
Heap after GC invocations=3 (full 0):
 PSYoungGen      total 139776K, used 10138K [0x000000076c980000, 0x000000077da80000, 0x00000007c0000000)
  eden space 129024K, 0% used [0x000000076c980000,0x000000076c980000,0x0000000774780000)
  from space 10752K, 94% used [0x0000000774780000,0x0000000775166908,0x0000000775200000)
  to   space 10752K, 0% used [0x000000077d000000,0x000000077d000000,0x000000077da80000)
 ParOldGen       total 172032K, used 1778K [0x00000006c5c00000, 0x00000006d0400000, 0x000000076c980000)
  object space 172032K, 1% used [0x00000006c5c00000,0x00000006c5dbcb48,0x00000006d0400000)
 Metaspace       used 20992K, capacity 21160K, committed 21296K, reserved 1069056K
  class space    used 2575K, capacity 2617K, committed 2688K, reserved 1048576K
}
Event: 1.032 GC heap before
{Heap before GC invocations=4 (full 1):
 PSYoungGen      total 139776K, used 10138K [0x000000076c980000, 0x000000077da80000, 0x00000007c0000000)
  eden space 129024K, 0% used [0x000000076c980000,0x000000076c980000,0x0000000774780000)
  from space 10752K, 94% used [0x0000000774780000,0x0000000775166908,0x0000000775200000)
  to   space 10752K, 0% used [0x000000077d000000,0x000000077d000000,0x000000077da80000)
 ParOldGen       total 172032K, used 1778K [0x00000006c5c00000, 0x00000006d0400000, 0x000000076c980000)
  object space 172032K, 1% used [0x00000006c5c00000,0x00000006c5dbcb48,0x00000006d0400000)
 Metaspace       used 20992K, capacity 21160K, committed 21296K, reserved 1069056K
  class space    used 2575K, capacity 2617K, committed 2688K, reserved 1048576K
Event: 1.058 GC heap after
Heap after GC invocations=4 (full 1):
 PSYoungGen      total 139776K, used 0K [0x000000076c980000, 0x000000077da80000, 0x00000007c0000000)
  eden space 129024K, 0% used [0x000000076c980000,0x000000076c980000,0x0000000774780000)
  from space 10752K, 0% used [0x0000000774780000,0x0000000774780000,0x0000000775200000)
  to   space 10752K, 0% used [0x000000077d000000,0x000000077d000000,0x000000077da80000)
 ParOldGen       total 96768K, used 9876K [0x00000006c5c00000, 0x00000006cba80000, 0x000000076c980000)
  object space 96768K, 10% used [0x00000006c5c00000,0x00000006c65a51b0,0x00000006cba80000)
 Metaspace       used 20992K, capacity 21160K, committed 21296K, reserved 1069056K
  class space    used 2575K, capacity 2617K, committed 2688K, reserved 1048576K
}
Event: 1.619 GC heap before
{Heap before GC invocations=5 (full 1):
 PSYoungGen      total 139776K, used 129024K [0x000000076c980000, 0x000000077da80000, 0x00000007c0000000)
  eden space 129024K, 100% used [0x000000076c980000,0x0000000774780000,0x0000000774780000)
  from space 10752K, 0% used [0x0000000774780000,0x0000000774780000,0x0000000775200000)
  to   space 10752K, 0% used [0x000000077d000000,0x000000077d000000,0x000000077da80000)
 ParOldGen       total 96768K, used 9876K [0x00000006c5c00000, 0x00000006cba80000, 0x000000076c980000)
  object space 96768K, 10% used [0x00000006c5c00000,0x00000006c65a51b0,0x00000006cba80000)
 Metaspace       used 25759K, capacity 26100K, committed 26368K, reserved 1073152K
  class space    used 3199K, capacity 3291K, committed 3328K, reserved 1048576K
Event: 1.628 GC heap after
Heap after GC invocations=5 (full 1):
 PSYoungGen      total 221184K, used 7728K [0x000000076c980000, 0x000000077d800000, 0x00000007c0000000)
  eden space 212992K, 0% used [0x000000076c980000,0x000000076c980000,0x0000000779980000)
  from space 8192K, 94% used [0x000000077d000000,0x000000077d78c290,0x000000077d800000)
  to   space 10752K, 0% used [0x000000077c300000,0x000000077c300000,0x000000077cd80000)
 ParOldGen       total 96768K, used 9884K [0x00000006c5c00000, 0x00000006cba80000, 0x000000076c980000)
  object space 96768K, 10% used [0x00000006c5c00000,0x00000006c65a71b0,0x00000006cba80000)
 Metaspace       used 25759K, capacity 26100K, committed 26368K, reserved 1073152K
  class space    used 3199K, capacity 3291K, committed 3328K, reserved 1048576K
}

